<?xml version="1.0" encoding="UTF-8"?>
<TestRun id="269eda67-0f7c-4ed8-a0e7-4ae4436e9184" name="Andrew@ANDREW-PC 2011-09-28 21:51:34" runUser="Andrew-PC\Andrew" xmlns="http://microsoft.com/schemas/VisualStudio/TeamTest/2010">
  <TestSettings name="Local" id="e0bce77d-f0bc-4194-868a-87daed48a37d">
    <Description>These are default test settings for a local test run.</Description>
    <Deployment userDeploymentRoot="C:\Users\Andrew\Score-Squid\src\TestResults" useDefaultDeploymentRoot="false" enabled="false" runDeploymentRoot="Andrew_ANDREW-PC 2011-09-28 21_51_34">
      <DeploymentItem filename="C:\Users\Andrew\Score-Squid\src\packages\AutoMoq.1.4.2\lib\AutoMoq.dll" />
      <DeploymentItem filename="C:\Users\Andrew\Score-Squid\src\packages\Moq.4.0.10827\lib\NET40\Moq.dll" />
      <DeploymentItem filename="C:\Users\Andrew\Score-Squid\src\packages\Unity.2.0\lib\20\Microsoft.Practices.Unity.Interception.Configuration.dll" />
      <DeploymentItem filename="C:\Users\Andrew\Score-Squid\src\packages\Unity.2.0\lib\20\Microsoft.Practices.ServiceLocation.dll" />
      <DeploymentItem filename="C:\Users\Andrew\Score-Squid\src\packages\Unity.2.0\lib\20\Microsoft.Practices.Unity.Configuration.dll" />
      <DeploymentItem filename="C:\Users\Andrew\Score-Squid\src\packages\Unity.2.0\lib\20\Microsoft.Practices.Unity.dll" />
      <DeploymentItem filename="C:\Users\Andrew\Score-Squid\src\packages\Unity.2.0\lib\20\Microsoft.Practices.Unity.Interception.dll" />
      <DeploymentItem filename="C:\Users\Andrew\Score-Squid\src\ScoreSquid.Web\bin\ScoreSquid.Web.dll" />
    </Deployment>
    <Execution>
      <TestTypeSpecific />
      <AgentRule name="Execution Agents">
      </AgentRule>
    </Execution>
  </TestSettings>
  <Times creation="2011-09-28T21:51:34.3778184+01:00" queuing="2011-09-28T21:51:36.3509313+01:00" start="2011-09-28T21:51:36.5749441+01:00" finish="2011-09-28T21:52:54.6024070+01:00" />
  <ResultSummary outcome="Error">
    <Counters total="1" executed="1" error="0" failed="0" timeout="0" aborted="1" inconclusive="0" passedButRunAborted="0" notRunnable="0" notExecuted="0" disconnected="0" warning="0" passed="0" completed="0" inProgress="0" pending="0" />
    <RunInfos>
      <RunInfo computerName="ANDREW-PC" outcome="Error" timestamp="2011-09-28T21:52:54.6014069+01:00">
        <Text>Test host process exited unexpectedly.</Text>
      </RunInfo>
    </RunInfos>
  </ResultSummary>
  <TestDefinitions>
    <UnitTest name="TestResultImporter_ShouldImportResultsFromFile" storage="c:\users\andrew\score-squid\src\scoresquid.web.tests\bin\debug\scoresquid.web.tests.dll" id="7a75b235-7d3f-f01c-dde6-9318d02bee0f">
      <Execution id="fc6817ad-8736-4250-9609-d79766a724b3" />
      <TestMethod codeBase="C:/Users/Andrew/Score-Squid/src/ScoreSquid.Web.Tests/bin/Debug/ScoreSquid.Web.Tests.DLL" adapterTypeName="Microsoft.VisualStudio.TestTools.TestTypes.Unit.UnitTestAdapter, Microsoft.VisualStudio.QualityTools.Tips.UnitTest.Adapter, Version=10.0.0.0, Culture=neutral, PublicKeyToken=b03f5f7f11d50a3a" className="ScoreSquid.Web.Tests.ResultImporter, ScoreSquid.Web.Tests, Version=1.0.0.0, Culture=neutral, PublicKeyToken=null" name="TestResultImporter_ShouldImportResultsFromFile" />
    </UnitTest>
  </TestDefinitions>
  <TestLists>
    <TestList name="Results Not in a List" id="8c84fa94-04c1-424b-9868-57a2d4851a1d" />
    <TestList name="All Loaded Results" id="19431567-8539-422a-85d7-44ee4e166bda" />
  </TestLists>
  <TestEntries>
    <TestEntry testId="7a75b235-7d3f-f01c-dde6-9318d02bee0f" executionId="fc6817ad-8736-4250-9609-d79766a724b3" testListId="8c84fa94-04c1-424b-9868-57a2d4851a1d" />
  </TestEntries>
  <Results>
    <UnitTestResult executionId="fc6817ad-8736-4250-9609-d79766a724b3" testId="7a75b235-7d3f-f01c-dde6-9318d02bee0f" testName="TestResultImporter_ShouldImportResultsFromFile" computerName="ANDREW-PC" duration="00:01:17.8144507" startTime="2011-09-28T21:51:36.7879563+01:00" endTime="2011-09-28T21:52:54.6024070+01:00" testType="13cdc9d9-ddb5-4fa4-a97d-d965ccfc6d4b" outcome="Aborted" testListId="8c84fa94-04c1-424b-9868-57a2d4851a1d" relativeResultsDirectory="fc6817ad-8736-4250-9609-d79766a724b3">
    </UnitTestResult>
  </Results>
</TestRun>