<?xml version="1.0" encoding="UTF-8"?>
<TestRun id="cc191d0e-4c9c-45a2-8c09-7cdce98eb195" name="Andrew@ANDREW-PC 2011-06-20 22:33:57" runUser="Andrew-PC\Andrew" xmlns="http://microsoft.com/schemas/VisualStudio/TeamTest/2010">
  <TestSettings name="Local" id="e0bce77d-f0bc-4194-868a-87daed48a37d">
    <Description>These are default test settings for a local test run.</Description>
    <Deployment enabled="false" runDeploymentRoot="Andrew_ANDREW-PC 2011-06-20 22_33_57">
      <DeploymentItem filename="C:\Projects\ScoreSquid\src\packages\Unity.2.0\lib\20\Microsoft.Practices.Unity.Interception.Configuration.dll" />
      <DeploymentItem filename="C:\Projects\ScoreSquid\src\packages\Unity.2.0\lib\20\Microsoft.Practices.Unity.Interception.dll" />
      <DeploymentItem filename="C:\Projects\ScoreSquid\src\packages\Unity.2.0\lib\20\Microsoft.Practices.Unity.Configuration.dll" />
      <DeploymentItem filename="C:\Projects\ScoreSquid\src\packages\Unity.2.0\lib\20\Microsoft.Practices.Unity.dll" />
      <DeploymentItem filename="C:\Projects\ScoreSquid\src\packages\AutoMoq.1.4.2\lib\AutoMoq.dll" />
      <DeploymentItem filename="C:\Projects\ScoreSquid\src\packages\Unity.2.0\lib\20\Microsoft.Practices.ServiceLocation.dll" />
      <DeploymentItem filename="C:\Projects\ScoreSquid\src\packages\Moq.4.0.10827\lib\NET40\Moq.dll" />
      <DeploymentItem filename="C:\Projects\ScoreSquid\src\ScoreSquid.Web\bin\ScoreSquid.Web.dll" />
    </Deployment>
    <Execution>
      <TestTypeSpecific />
      <AgentRule name="Execution Agents">
      </AgentRule>
    </Execution>
  </TestSettings>
  <Times creation="2011-06-20T22:33:57.7872299+01:00" queuing="2011-06-20T22:33:59.4733264+01:00" start="2011-06-20T22:33:59.6113343+01:00" finish="2011-06-20T22:34:01.1034196+01:00" />
  <ResultSummary outcome="Completed">
    <Counters total="1" executed="1" passed="1" error="0" failed="0" timeout="0" aborted="0" inconclusive="0" passedButRunAborted="0" notRunnable="0" notExecuted="0" disconnected="0" warning="0" completed="0" inProgress="0" pending="0" />
  </ResultSummary>
  <TestDefinitions>
    <UnitTest name="TestIndex_ShouldLoadAllFixtures" storage="c:\projects\scoresquid\src\scoresquid.web.tests\bin\debug\scoresquid.web.tests.dll" id="9e41a2ea-5fee-b5d5-ba5c-61fffa65b461">
      <Execution id="860b9763-980c-460d-80da-f4a496c4db6f" />
      <TestMethod codeBase="C:/Projects/ScoreSquid/src/ScoreSquid.Web.Tests/bin/Debug/ScoreSquid.Web.Tests.DLL" adapterTypeName="Microsoft.VisualStudio.TestTools.TestTypes.Unit.UnitTestAdapter, Microsoft.VisualStudio.QualityTools.Tips.UnitTest.Adapter, Version=10.0.0.0, Culture=neutral, PublicKeyToken=b03f5f7f11d50a3a" className="ScoreSquid.Web.Tests.FixtureControllerTests, ScoreSquid.Web.Tests, Version=1.0.0.0, Culture=neutral, PublicKeyToken=null" name="TestIndex_ShouldLoadAllFixtures" />
    </UnitTest>
  </TestDefinitions>
  <TestLists>
    <TestList name="Results Not in a List" id="8c84fa94-04c1-424b-9868-57a2d4851a1d" />
    <TestList name="All Loaded Results" id="19431567-8539-422a-85d7-44ee4e166bda" />
  </TestLists>
  <TestEntries>
    <TestEntry testId="9e41a2ea-5fee-b5d5-ba5c-61fffa65b461" executionId="860b9763-980c-460d-80da-f4a496c4db6f" testListId="8c84fa94-04c1-424b-9868-57a2d4851a1d" />
  </TestEntries>
  <Results>
    <UnitTestResult executionId="860b9763-980c-460d-80da-f4a496c4db6f" testId="9e41a2ea-5fee-b5d5-ba5c-61fffa65b461" testName="TestIndex_ShouldLoadAllFixtures" computerName="ANDREW-PC" duration="00:00:00.4130842" startTime="2011-06-20T22:33:59.6843384+01:00" endTime="2011-06-20T22:34:00.9834127+01:00" testType="13cdc9d9-ddb5-4fa4-a97d-d965ccfc6d4b" outcome="Passed" testListId="8c84fa94-04c1-424b-9868-57a2d4851a1d" relativeResultsDirectory="860b9763-980c-460d-80da-f4a496c4db6f">
    </UnitTestResult>
  </Results>
</TestRun>