<?xml version="1.0" encoding="UTF-8"?>
<TestRun id="185d83b2-54ac-4349-b8c0-13c8640c7f89" name="Andrew@ANDREW-PC 2011-06-30 18:57:38" runUser="Andrew-PC\Andrew" xmlns="http://microsoft.com/schemas/VisualStudio/TeamTest/2010">
  <TestSettings name="Local" id="e0bce77d-f0bc-4194-868a-87daed48a37d">
    <Description>These are default test settings for a local test run.</Description>
    <Deployment userDeploymentRoot="C:\Projects\ScoreSquid\src\TestResults" useDefaultDeploymentRoot="false" enabled="false" runDeploymentRoot="Andrew_ANDREW-PC 2011-06-30 18_57_38">
      <DeploymentItem filename="C:\Projects\ScoreSquid\src\packages\Unity.2.0\lib\20\Microsoft.Practices.Unity.Interception.dll" />
      <DeploymentItem filename="C:\Projects\ScoreSquid\src\packages\Unity.2.0\lib\20\Microsoft.Practices.Unity.dll" />
      <DeploymentItem filename="C:\Projects\ScoreSquid\src\packages\Unity.2.0\lib\20\Microsoft.Practices.ServiceLocation.dll" />
      <DeploymentItem filename="C:\Projects\ScoreSquid\src\packages\Unity.2.0\lib\20\Microsoft.Practices.Unity.Configuration.dll" />
      <DeploymentItem filename="C:\Projects\ScoreSquid\src\ScoreSquid.Web\bin\ScoreSquid.Web.dll" />
      <DeploymentItem filename="C:\Projects\ScoreSquid\src\packages\EntityFramework.4.1.10331.0\lib\EntityFramework.dll" />
      <DeploymentItem filename="C:\Projects\ScoreSquid\src\packages\AutoMoq.1.4.2\lib\AutoMoq.dll" />
      <DeploymentItem filename="C:\Projects\ScoreSquid\src\packages\Moq.4.0.10827\lib\NET40\Moq.dll" />
      <DeploymentItem filename="C:\Projects\ScoreSquid\src\packages\Unity.2.0\lib\20\Microsoft.Practices.Unity.Interception.Configuration.dll" />
    </Deployment>
    <Execution>
      <TestTypeSpecific />
      <AgentRule name="Execution Agents">
      </AgentRule>
    </Execution>
  </TestSettings>
  <Times creation="2011-06-30T18:57:38.0622353+01:00" queuing="2011-06-30T18:57:38.5262619+01:00" start="2011-06-30T18:57:38.7102724+01:00" finish="2011-06-30T18:57:46.3987122+01:00" />
  <ResultSummary outcome="Failed">
    <Counters total="1" executed="1" error="0" failed="1" timeout="0" aborted="0" inconclusive="0" passedButRunAborted="0" notRunnable="0" notExecuted="0" disconnected="0" warning="0" passed="0" completed="0" inProgress="0" pending="0" />
  </ResultSummary>
  <TestDefinitions>
    <UnitTest name="TestResultImporter_ShouldImportResultsFromFile" storage="c:\projects\scoresquid\src\scoresquid.web.tests\bin\debug\scoresquid.web.tests.dll" id="7a75b235-7d3f-f01c-dde6-9318d02bee0f">
      <Execution id="68f1f581-e42f-46d6-855c-8099d75b2e3d" />
      <TestMethod codeBase="C:/Projects/ScoreSquid/src/ScoreSquid.Web.Tests/bin/Debug/ScoreSquid.Web.Tests.DLL" adapterTypeName="Microsoft.VisualStudio.TestTools.TestTypes.Unit.UnitTestAdapter, Microsoft.VisualStudio.QualityTools.Tips.UnitTest.Adapter, Version=10.0.0.0, Culture=neutral, PublicKeyToken=b03f5f7f11d50a3a" className="ScoreSquid.Web.Tests.ResultImporter, ScoreSquid.Web.Tests, Version=1.0.0.0, Culture=neutral, PublicKeyToken=null" name="TestResultImporter_ShouldImportResultsFromFile" />
    </UnitTest>
  </TestDefinitions>
  <TestLists>
    <TestList name="Results Not in a List" id="8c84fa94-04c1-424b-9868-57a2d4851a1d" />
    <TestList name="All Loaded Results" id="19431567-8539-422a-85d7-44ee4e166bda" />
  </TestLists>
  <TestEntries>
    <TestEntry testId="7a75b235-7d3f-f01c-dde6-9318d02bee0f" executionId="68f1f581-e42f-46d6-855c-8099d75b2e3d" testListId="8c84fa94-04c1-424b-9868-57a2d4851a1d" />
  </TestEntries>
  <Results>
    <UnitTestResult executionId="68f1f581-e42f-46d6-855c-8099d75b2e3d" testId="7a75b235-7d3f-f01c-dde6-9318d02bee0f" testName="TestResultImporter_ShouldImportResultsFromFile" computerName="ANDREW-PC" duration="00:00:05.7299568" startTime="2011-06-30T18:57:38.7542749+01:00" endTime="2011-06-30T18:57:44.8326226+01:00" testType="13cdc9d9-ddb5-4fa4-a97d-d965ccfc6d4b" outcome="Failed" testListId="8c84fa94-04c1-424b-9868-57a2d4851a1d" relativeResultsDirectory="68f1f581-e42f-46d6-855c-8099d75b2e3d">
      <Output>
        <ErrorInfo>
          <Message>Test method ScoreSquid.Web.Tests.ResultImporter.TestResultImporter_ShouldImportResultsFromFile threw exception: 
System.InvalidOperationException: The property 'Id' is part of the object's key information and cannot be modified. </Message>
          <StackTrace>    at System.Data.Objects.EntityEntry.DetectChangesInProperties(Boolean detectOnlyComplexProperties)
   at System.Data.Objects.ObjectStateManager.DetectChangesInScalarAndComplexProperties(IList`1 entries)
   at System.Data.Objects.ObjectStateManager.DetectChanges()
   at System.Data.Entity.Internal.InternalContext.DetectChanges(Boolean force)
   at System.Data.Entity.Internal.Linq.InternalSet`1.ActOnSet(Action action, EntityState newState, Object entity, String methodName)
   at System.Data.Entity.Internal.Linq.InternalSet`1.Add(Object entity)
   at System.Data.Entity.DbSet`1.Add(TEntity entity)
   at ScoreSquid.Web.Repositories.TeamRepository.SaveNewTeam(String teamName) in C:\Projects\ScoreSquid\src\ScoreSquid.Web\Repositories\TeamRepository.cs:line 27
   at ScoreSquid.Web.Tests.ResultImporter.TestResultImporter_ShouldImportResultsFromFile() in C:\Projects\ScoreSquid\src\ScoreSquid.Web.Tests\ResultImporter.cs:line 56
</StackTrace>
        </ErrorInfo>
      </Output>
    </UnitTestResult>
  </Results>
</TestRun>