<?xml version="1.0" encoding="UTF-8"?>
<TestRun id="4f7a51dc-88ba-4902-bb7b-3c0f5a9ef16d" name="Andrew@ANDREW-PC 2011-06-29 18:36:12" runUser="Andrew-PC\Andrew" xmlns="http://microsoft.com/schemas/VisualStudio/TeamTest/2010">
  <TestSettings name="Local" id="e0bce77d-f0bc-4194-868a-87daed48a37d">
    <Description>These are default test settings for a local test run.</Description>
    <Deployment enabled="false" runDeploymentRoot="Andrew_ANDREW-PC 2011-06-29 18_36_12">
      <DeploymentItem filename="C:\Projects\ScoreSquid\src\packages\Unity.2.0\lib\20\Microsoft.Practices.Unity.Interception.dll" />
      <DeploymentItem filename="C:\Projects\ScoreSquid\src\packages\Unity.2.0\lib\20\Microsoft.Practices.Unity.dll" />
      <DeploymentItem filename="C:\Projects\ScoreSquid\src\packages\Unity.2.0\lib\20\Microsoft.Practices.ServiceLocation.dll" />
      <DeploymentItem filename="C:\Projects\ScoreSquid\src\packages\Unity.2.0\lib\20\Microsoft.Practices.Unity.Configuration.dll" />
      <DeploymentItem filename="C:\Projects\ScoreSquid\src\ScoreSquid.Web\bin\ScoreSquid.Web.dll" />
      <DeploymentItem filename="C:\Projects\ScoreSquid\src\packages\EntityFramework.4.1.10331.0\lib\EntityFramework.dll" />
      <DeploymentItem filename="C:\Projects\ScoreSquid\src\packages\AutoMoq.1.4.2\lib\AutoMoq.dll" />
      <DeploymentItem filename="C:\Projects\ScoreSquid\src\packages\Moq.4.0.10827\lib\NET40\Moq.dll" />
      <DeploymentItem filename="C:\Projects\ScoreSquid\src\packages\Unity.2.0\lib\20\Microsoft.Practices.Unity.Interception.Configuration.dll" />
    </Deployment>
    <Execution>
      <TestTypeSpecific />
      <AgentRule name="Execution Agents">
      </AgentRule>
    </Execution>
  </TestSettings>
  <Times creation="2011-06-29T18:36:12.5308532+01:00" queuing="2011-06-29T18:36:12.5458541+01:00" start="2011-06-29T18:36:12.5738557+01:00" finish="2011-06-29T18:36:15.5470258+01:00" />
  <ResultSummary outcome="Completed">
    <Counters total="1" executed="1" passed="1" error="0" failed="0" timeout="0" aborted="0" inconclusive="0" passedButRunAborted="0" notRunnable="0" notExecuted="0" disconnected="0" warning="0" completed="0" inProgress="0" pending="0" />
  </ResultSummary>
  <TestDefinitions>
    <UnitTest name="TestResultImporter_ShouldImportResultsFromFile" storage="c:\projects\scoresquid\src\scoresquid.web.tests\bin\debug\scoresquid.web.tests.dll" id="7a75b235-7d3f-f01c-dde6-9318d02bee0f">
      <Execution id="db0a563a-a305-44a5-9fe0-93c30b11b3d9" />
      <TestMethod codeBase="C:/Projects/ScoreSquid/src/ScoreSquid.Web.Tests/bin/Debug/ScoreSquid.Web.Tests.DLL" adapterTypeName="Microsoft.VisualStudio.TestTools.TestTypes.Unit.UnitTestAdapter, Microsoft.VisualStudio.QualityTools.Tips.UnitTest.Adapter, Version=10.0.0.0, Culture=neutral, PublicKeyToken=b03f5f7f11d50a3a" className="ScoreSquid.Web.Tests.ResultImporter, ScoreSquid.Web.Tests, Version=1.0.0.0, Culture=neutral, PublicKeyToken=null" name="TestResultImporter_ShouldImportResultsFromFile" />
    </UnitTest>
  </TestDefinitions>
  <TestLists>
    <TestList name="Results Not in a List" id="8c84fa94-04c1-424b-9868-57a2d4851a1d" />
    <TestList name="All Loaded Results" id="19431567-8539-422a-85d7-44ee4e166bda" />
  </TestLists>
  <TestEntries>
    <TestEntry testId="7a75b235-7d3f-f01c-dde6-9318d02bee0f" executionId="db0a563a-a305-44a5-9fe0-93c30b11b3d9" testListId="8c84fa94-04c1-424b-9868-57a2d4851a1d" />
  </TestEntries>
  <Results>
    <UnitTestResult executionId="db0a563a-a305-44a5-9fe0-93c30b11b3d9" testId="7a75b235-7d3f-f01c-dde6-9318d02bee0f" testName="TestResultImporter_ShouldImportResultsFromFile" computerName="ANDREW-PC" duration="00:00:02.6550320" startTime="2011-06-29T18:36:12.5828562+01:00" endTime="2011-06-29T18:36:15.5230244+01:00" testType="13cdc9d9-ddb5-4fa4-a97d-d965ccfc6d4b" outcome="Passed" testListId="8c84fa94-04c1-424b-9868-57a2d4851a1d" relativeResultsDirectory="db0a563a-a305-44a5-9fe0-93c30b11b3d9">
    </UnitTestResult>
  </Results>
</TestRun>