<?xml version="1.0" encoding="UTF-8"?>
<TestRun id="5329cda4-f9bb-434e-a915-ae86eaedfe9a" name="Andrew@ANDREW-PC 2011-10-01 12:27:45" runUser="Andrew-PC\Andrew" xmlns="http://microsoft.com/schemas/VisualStudio/TeamTest/2010">
  <TestSettings name="Local" id="e0bce77d-f0bc-4194-868a-87daed48a37d">
    <Description>These are default test settings for a local test run.</Description>
    <Deployment enabled="false" runDeploymentRoot="Andrew_ANDREW-PC 2011-10-01 12_27_45">
      <DeploymentItem filename="C:\Users\Andrew\Score-Squid\src\packages\Unity.2.0\lib\20\Microsoft.Practices.Unity.Interception.dll" />
      <DeploymentItem filename="C:\Users\Andrew\Score-Squid\src\packages\AutoMoq.1.4.2\lib\AutoMoq.dll" />
      <DeploymentItem filename="C:\Users\Andrew\Score-Squid\src\packages\Moq.4.0.10827\lib\NET40\Moq.dll" />
      <DeploymentItem filename="C:\Users\Andrew\Score-Squid\src\packages\Unity.2.0\lib\20\Microsoft.Practices.Unity.Interception.Configuration.dll" />
      <DeploymentItem filename="C:\Users\Andrew\Score-Squid\src\packages\Unity.2.0\lib\20\Microsoft.Practices.ServiceLocation.dll" />
      <DeploymentItem filename="C:\Users\Andrew\Score-Squid\src\packages\Unity.2.0\lib\20\Microsoft.Practices.Unity.Configuration.dll" />
      <DeploymentItem filename="C:\Users\Andrew\Score-Squid\src\packages\Unity.2.0\lib\20\Microsoft.Practices.Unity.dll" />
      <DeploymentItem filename="C:\Users\Andrew\Score-Squid\src\ScoreSquid.Web\bin\ScoreSquid.Web.dll" />
    </Deployment>
    <Execution>
      <TestTypeSpecific />
      <AgentRule name="Execution Agents">
      </AgentRule>
    </Execution>
  </TestSettings>
  <Times creation="2011-10-01T12:27:45.0742916+01:00" queuing="2011-10-01T12:27:48.7395012+01:00" start="2011-10-01T12:27:49.1435243+01:00" finish="2011-10-01T12:27:55.3728806+01:00" />
  <ResultSummary outcome="Failed">
    <Counters total="1" executed="1" error="0" failed="1" timeout="0" aborted="0" inconclusive="0" passedButRunAborted="0" notRunnable="0" notExecuted="0" disconnected="0" warning="0" passed="0" completed="0" inProgress="0" pending="0" />
  </ResultSummary>
  <TestDefinitions>
    <UnitTest name="TestResultImporter_ShouldImportResultsFromFile" storage="c:\users\andrew\score-squid\src\scoresquid.web.tests\bin\debug\scoresquid.web.tests.dll" id="7a75b235-7d3f-f01c-dde6-9318d02bee0f">
      <Execution id="59e66b22-3014-4214-a849-ece7845b4196" />
      <TestMethod codeBase="C:/Users/Andrew/Score-Squid/src/ScoreSquid.Web.Tests/bin/Debug/ScoreSquid.Web.Tests.DLL" adapterTypeName="Microsoft.VisualStudio.TestTools.TestTypes.Unit.UnitTestAdapter, Microsoft.VisualStudio.QualityTools.Tips.UnitTest.Adapter, Version=10.0.0.0, Culture=neutral, PublicKeyToken=b03f5f7f11d50a3a" className="ScoreSquid.Web.Tests.ResultImporter, ScoreSquid.Web.Tests, Version=1.0.0.0, Culture=neutral, PublicKeyToken=null" name="TestResultImporter_ShouldImportResultsFromFile" />
    </UnitTest>
  </TestDefinitions>
  <TestLists>
    <TestList name="Results Not in a List" id="8c84fa94-04c1-424b-9868-57a2d4851a1d" />
    <TestList name="All Loaded Results" id="19431567-8539-422a-85d7-44ee4e166bda" />
  </TestLists>
  <TestEntries>
    <TestEntry testId="7a75b235-7d3f-f01c-dde6-9318d02bee0f" executionId="59e66b22-3014-4214-a849-ece7845b4196" testListId="8c84fa94-04c1-424b-9868-57a2d4851a1d" />
  </TestEntries>
  <Results>
    <UnitTestResult executionId="59e66b22-3014-4214-a849-ece7845b4196" testId="7a75b235-7d3f-f01c-dde6-9318d02bee0f" testName="TestResultImporter_ShouldImportResultsFromFile" computerName="ANDREW-PC" duration="00:00:03.7463310" startTime="2011-10-01T12:27:49.2465302+01:00" endTime="2011-10-01T12:27:53.6527822+01:00" testType="13cdc9d9-ddb5-4fa4-a97d-d965ccfc6d4b" outcome="Failed" testListId="8c84fa94-04c1-424b-9868-57a2d4851a1d" relativeResultsDirectory="59e66b22-3014-4214-a849-ece7845b4196">
      <Output>
        <ErrorInfo>
          <Message>Test method ScoreSquid.Web.Tests.ResultImporter.TestResultImporter_ShouldImportResultsFromFile threw exception: 
System.Data.Entity.Infrastructure.DbUpdateException: An error occurred while updating the entries. See the inner exception for details. ---&gt; System.Data.UpdateException: An error occurred while updating the entries. See the inner exception for details. ---&gt; System.Data.SqlClient.SqlException: Cannot insert the value NULL into column 'DivisionIdentifier', table 'ScoreSquid.dbo.Divisions'; column does not allow nulls. INSERT fails.
The statement has been terminated.</Message>
          <StackTrace>    at System.Data.SqlClient.SqlConnection.OnError(SqlException exception, Boolean breakConnection)
   at System.Data.SqlClient.SqlInternalConnection.OnError(SqlException exception, Boolean breakConnection)
   at System.Data.SqlClient.TdsParser.ThrowExceptionAndWarning()
   at System.Data.SqlClient.TdsParser.Run(RunBehavior runBehavior, SqlCommand cmdHandler, SqlDataReader dataStream, BulkCopySimpleResultSet bulkCopyHandler, TdsParserStateObject stateObj)
   at System.Data.SqlClient.SqlDataReader.ConsumeMetaData()
   at System.Data.SqlClient.SqlDataReader.get_MetaData()
   at System.Data.SqlClient.SqlCommand.FinishExecuteReader(SqlDataReader ds, RunBehavior runBehavior, String resetOptionsString)
   at System.Data.SqlClient.SqlCommand.RunExecuteReaderTds(CommandBehavior cmdBehavior, RunBehavior runBehavior, Boolean returnStream, Boolean async)
   at System.Data.SqlClient.SqlCommand.RunExecuteReader(CommandBehavior cmdBehavior, RunBehavior runBehavior, Boolean returnStream, String method, DbAsyncResult result)
   at System.Data.SqlClient.SqlCommand.RunExecuteReader(CommandBehavior cmdBehavior, RunBehavior runBehavior, Boolean returnStream, String method)
   at System.Data.SqlClient.SqlCommand.ExecuteReader(CommandBehavior behavior, String method)
   at System.Data.SqlClient.SqlCommand.ExecuteDbDataReader(CommandBehavior behavior)
   at System.Data.Common.DbCommand.ExecuteReader(CommandBehavior behavior)
   at System.Data.Mapping.Update.Internal.DynamicUpdateCommand.Execute(UpdateTranslator translator, EntityConnection connection, Dictionary`2 identifierValues, List`1 generatedValues)
   at System.Data.Mapping.Update.Internal.UpdateTranslator.Update(IEntityStateManager stateManager, IEntityAdapter adapter)
 --- End of inner exception stack trace ---
    at System.Data.Mapping.Update.Internal.UpdateTranslator.Update(IEntityStateManager stateManager, IEntityAdapter adapter)
   at System.Data.EntityClient.EntityAdapter.Update(IEntityStateManager entityCache)
   at System.Data.Objects.ObjectContext.SaveChanges(SaveOptions options)
   at System.Data.Entity.Internal.InternalContext.SaveChanges()
 --- End of inner exception stack trace ---
    at System.Data.Entity.Internal.InternalContext.SaveChanges()
   at System.Data.Entity.Internal.LazyInternalContext.SaveChanges()
   at System.Data.Entity.DbContext.SaveChanges()
   at ScoreSquid.Web.Context.ScoreSquidContext.Save() in C:\Users\Andrew\Score-Squid\src\ScoreSquid.Web\Context\ScoreSquidContext.cs:line 28
   at ScoreSquid.Web.Repositories.Commands.Commands.SaveNewTeam(ScoreSquidContext context, String teamName, Division division) in C:\Users\Andrew\Score-Squid\src\ScoreSquid.Web\Repositories\Commands\Commands.cs:line 44
   at ScoreSquid.Web.Repositories.TeamRepository.SaveNewTeam(String teamName, Division division) in C:\Users\Andrew\Score-Squid\src\ScoreSquid.Web\Repositories\TeamRepository.cs:line 32
   at ScoreSquid.Web.Tests.ResultImporter.CreateTeam(String teamName, Division division) in C:\Users\Andrew\Score-Squid\src\ScoreSquid.Web.Tests\ResultImporter.cs:line 115
   at ScoreSquid.Web.Tests.ResultImporter.TestResultImporter_ShouldImportResultsFromFile() in C:\Users\Andrew\Score-Squid\src\ScoreSquid.Web.Tests\ResultImporter.cs:line 68
</StackTrace>
        </ErrorInfo>
      </Output>
    </UnitTestResult>
  </Results>
</TestRun>